2025-02-13  6:29:57 0 [Note] Starting MariaDB 10.4.32-MariaDB source revision c4143f909528e3fab0677a28631d10389354c491 as process 1908
2025-02-13  6:29:57 0 [Note] InnoDB: Mutexes and rw_locks use Windows interlocked functions
2025-02-13  6:29:57 0 [Note] InnoDB: Uses event mutexes
2025-02-13  6:29:57 0 [Note] InnoDB: Compressed tables use zlib 1.3
2025-02-13  6:29:57 0 [Note] InnoDB: Number of pools: 1
2025-02-13  6:29:57 0 [Note] InnoDB: Using SSE2 crc32 instructions
2025-02-13  6:29:57 0 [Note] InnoDB: Initializing buffer pool, total size = 16M, instances = 1, chunk size = 16M
2025-02-13  6:29:57 0 [Note] InnoDB: Completed initialization of buffer pool
2025-02-13  6:29:57 0 [Note] InnoDB: Starting crash recovery from checkpoint LSN=300288
2025-02-13  6:29:57 0 [Note] InnoDB: 128 out of 128 rollback segments are active.
2025-02-13  6:29:57 0 [Note] InnoDB: Removed temporary tablespace data file: "ibtmp1"
2025-02-13  6:29:57 0 [Note] InnoDB: Creating shared tablespace for temporary tables
2025-02-13  6:29:57 0 [Note] InnoDB: Setting file 'C:\xampp\mysql\data\ibtmp1' size to 12 MB. Physically writing the file full; Please wait ...
2025-02-13  6:29:57 0 [Note] InnoDB: File 'C:\xampp\mysql\data\ibtmp1' size is now 12 MB.
2025-02-13  6:29:57 0 [Note] InnoDB: Waiting for purge to start
2025-02-13  6:29:57 0 [Note] InnoDB: 10.4.32 started; log sequence number 300297; transaction id 170
2025-02-13  6:29:57 0 [Note] InnoDB: Loading buffer pool(s) from C:\xampp\mysql\data\ib_buffer_pool
2025-02-13  6:29:57 0 [Note] Plugin 'FEEDBACK' is disabled.
2025-02-13  6:29:57 0 [Note] Server socket created on IP: '::'.
2025-02-13  6:52:10 0 [Note] Starting MariaDB 10.4.32-MariaDB source revision c4143f909528e3fab0677a28631d10389354c491 as process 7392
2025-02-13  6:52:10 0 [Note] InnoDB: Mutexes and rw_locks use Windows interlocked functions
2025-02-13  6:52:10 0 [Note] InnoDB: Uses event mutexes
2025-02-13  6:52:10 0 [Note] InnoDB: Compressed tables use zlib 1.3
2025-02-13  6:52:10 0 [Note] InnoDB: Number of pools: 1
2025-02-13  6:52:10 0 [Note] InnoDB: Using SSE2 crc32 instructions
2025-02-13  6:52:10 0 [Note] InnoDB: Initializing buffer pool, total size = 16M, instances = 1, chunk size = 16M
2025-02-13  6:52:10 0 [Note] InnoDB: Completed initialization of buffer pool
2025-02-13  6:52:10 0 [Note] InnoDB: Starting crash recovery from checkpoint LSN=311625
2025-02-13  6:52:10 0 [Note] InnoDB: 128 out of 128 rollback segments are active.
2025-02-13  6:52:10 0 [Note] InnoDB: Removed temporary tablespace data file: "ibtmp1"
2025-02-13  6:52:10 0 [Note] InnoDB: Creating shared tablespace for temporary tables
2025-02-13  6:52:10 0 [Note] InnoDB: Setting file 'C:\xampp\mysql\data\ibtmp1' size to 12 MB. Physically writing the file full; Please wait ...
2025-02-13  6:52:10 0 [Note] InnoDB: File 'C:\xampp\mysql\data\ibtmp1' size is now 12 MB.
2025-02-13  6:52:10 0 [Note] InnoDB: Waiting for purge to start
2025-02-13  6:52:10 0 [Note] InnoDB: 10.4.32 started; log sequence number 311634; transaction id 215
2025-02-13  6:52:10 0 [Note] InnoDB: Loading buffer pool(s) from C:\xampp\mysql\data\ib_buffer_pool
2025-02-13  6:52:10 0 [Note] Plugin 'FEEDBACK' is disabled.
2025-02-13  6:52:10 0 [Note] Server socket created on IP: '::'.
2025-02-13  9:06:30 0 [Note] Starting MariaDB 10.4.32-MariaDB source revision c4143f909528e3fab0677a28631d10389354c491 as process 12308
2025-02-13  9:06:30 0 [Note] InnoDB: Mutexes and rw_locks use Windows interlocked functions
2025-02-13  9:06:30 0 [Note] InnoDB: Uses event mutexes
2025-02-13  9:06:30 0 [Note] InnoDB: Compressed tables use zlib 1.3
2025-02-13  9:06:30 0 [Note] InnoDB: Number of pools: 1
2025-02-13  9:06:30 0 [Note] InnoDB: Using SSE2 crc32 instructions
2025-02-13  9:06:30 0 [Note] InnoDB: Initializing buffer pool, total size = 16M, instances = 1, chunk size = 16M
2025-02-13  9:06:30 0 [Note] InnoDB: Completed initialization of buffer pool
2025-02-13  9:06:30 0 [Note] InnoDB: Starting crash recovery from checkpoint LSN=311643
2025-02-13  9:06:30 0 [Note] InnoDB: 128 out of 128 rollback segments are active.
2025-02-13  9:06:30 0 [Note] InnoDB: Removed temporary tablespace data file: "ibtmp1"
2025-02-13  9:06:30 0 [Note] InnoDB: Creating shared tablespace for temporary tables
2025-02-13  9:06:30 0 [Note] InnoDB: Setting file 'C:\xampp\mysql\data\ibtmp1' size to 12 MB. Physically writing the file full; Please wait ...
2025-02-13  9:06:30 0 [Note] InnoDB: File 'C:\xampp\mysql\data\ibtmp1' size is now 12 MB.
2025-02-13  9:06:30 0 [Note] InnoDB: Waiting for purge to start
2025-02-13  9:06:31 0 [Note] InnoDB: 10.4.32 started; log sequence number 311652; transaction id 215
2025-02-13  9:06:31 0 [Note] InnoDB: Loading buffer pool(s) from C:\xampp\mysql\data\ib_buffer_pool
2025-02-13  9:06:31 0 [Note] Plugin 'FEEDBACK' is disabled.
2025-02-13  9:06:31 0 [Note] InnoDB: Buffer pool(s) load completed at 250213  9:06:31
2025-02-13  9:06:31 0 [Note] Server socket created on IP: '::'.
2025-02-13  9:06:33 0 [Note] Starting MariaDB 10.4.32-MariaDB source revision c4143f909528e3fab0677a28631d10389354c491 as process 6396
2025-02-13  9:06:33 0 [Note] InnoDB: Mutexes and rw_locks use Windows interlocked functions
2025-02-13  9:06:33 0 [Note] InnoDB: Uses event mutexes
2025-02-13  9:06:33 0 [Note] InnoDB: Compressed tables use zlib 1.3
2025-02-13  9:06:33 0 [Note] InnoDB: Number of pools: 1
2025-02-13  9:06:33 0 [Note] InnoDB: Using SSE2 crc32 instructions
2025-02-13  9:06:33 0 [Note] InnoDB: Initializing buffer pool, total size = 16M, instances = 1, chunk size = 16M
2025-02-13  9:06:33 0 [Note] InnoDB: Completed initialization of buffer pool
2025-02-13  9:06:33 0 [Note] InnoDB: Starting crash recovery from checkpoint LSN=311643
2025-02-13  9:06:33 0 [Note] InnoDB: 128 out of 128 rollback segments are active.
2025-02-13  9:06:33 0 [Note] InnoDB: Removed temporary tablespace data file: "ibtmp1"
2025-02-13  9:06:33 0 [Note] InnoDB: Creating shared tablespace for temporary tables
2025-02-13  9:06:33 0 [Note] InnoDB: Setting file 'C:\xampp\mysql\data\ibtmp1' size to 12 MB. Physically writing the file full; Please wait ...
2025-02-13  9:06:33 0 [Note] InnoDB: File 'C:\xampp\mysql\data\ibtmp1' size is now 12 MB.
2025-02-13  9:06:33 0 [Note] InnoDB: Waiting for purge to start
2025-02-13  9:06:33 0 [Note] InnoDB: 10.4.32 started; log sequence number 311652; transaction id 215
2025-02-13  9:06:33 0 [Note] InnoDB: Loading buffer pool(s) from C:\xampp\mysql\data\ib_buffer_pool
2025-02-13  9:06:33 0 [Note] Plugin 'FEEDBACK' is disabled.
2025-02-13  9:06:33 0 [Note] InnoDB: Buffer pool(s) load completed at 250213  9:06:33
2025-02-13  9:06:33 0 [Note] Server socket created on IP: '::'.
2025-02-13 15:26:12 0 [Note] Starting MariaDB 10.4.32-MariaDB source revision c4143f909528e3fab0677a28631d10389354c491 as process 15428
Cannot find checkpoint record at LSN (1,0x5632)
2025-02-13 15:26:12 0 [ERROR] mysqld.exe: Aria recovery failed. Please run aria_chk -r on all Aria tables and delete all aria_log.######## files
2025-02-13 15:26:12 0 [ERROR] Plugin 'Aria' registration as a STORAGE ENGINE failed.
2025-02-13 15:26:12 0 [Note] InnoDB: Mutexes and rw_locks use Windows interlocked functions
2025-02-13 15:26:12 0 [Note] InnoDB: Uses event mutexes
2025-02-13 15:26:12 0 [Note] InnoDB: Compressed tables use zlib 1.3
2025-02-13 15:26:12 0 [Note] InnoDB: Number of pools: 1
2025-02-13 15:26:12 0 [Note] InnoDB: Using SSE2 crc32 instructions
2025-02-13 15:26:12 0 [Note] InnoDB: Initializing buffer pool, total size = 16M, instances = 1, chunk size = 16M
2025-02-13 15:26:12 0 [Note] InnoDB: Completed initialization of buffer pool
2025-02-13 15:26:12 0 [Note] InnoDB: Starting crash recovery from checkpoint LSN=627087
2025-02-13 15:26:13 0 [Note] InnoDB: 128 out of 128 rollback segments are active.
2025-02-13 15:26:13 0 [Note] InnoDB: Removed temporary tablespace data file: "ibtmp1"
2025-02-13 15:26:13 0 [Note] InnoDB: Creating shared tablespace for temporary tables
2025-02-13 15:26:13 0 [Note] InnoDB: Setting file 'C:\xampp\mysql\data\ibtmp1' size to 12 MB. Physically writing the file full; Please wait ...
2025-02-13 15:26:13 0 [Note] InnoDB: File 'C:\xampp\mysql\data\ibtmp1' size is now 12 MB.
2025-02-13 15:26:13 0 [Note] InnoDB: Waiting for purge to start
2025-02-13 15:26:13 0 [Note] InnoDB: 10.4.32 started; log sequence number 627096; transaction id 1208
2025-02-13 15:26:13 0 [Note] InnoDB: Loading buffer pool(s) from C:\xampp\mysql\data\ib_buffer_pool
2025-02-13 15:26:13 0 [Note] Plugin 'FEEDBACK' is disabled.
2025-02-13 15:26:13 0 [ERROR] Could not open mysql.plugin table. Some plugins may be not loaded
2025-02-13 15:26:13 0 [ERROR] Failed to initialize plugins.
2025-02-13 15:26:13 0 [ERROR] Aborting
2025-02-13 15:26:15 0 [Note] Starting MariaDB 10.4.32-MariaDB source revision c4143f909528e3fab0677a28631d10389354c491 as process 11504
Cannot find checkpoint record at LSN (1,0x5632)
2025-02-13 15:26:15 0 [ERROR] mysqld.exe: Aria recovery failed. Please run aria_chk -r on all Aria tables and delete all aria_log.######## files
2025-02-13 15:26:15 0 [ERROR] Plugin 'Aria' registration as a STORAGE ENGINE failed.
2025-02-13 15:26:15 0 [Note] InnoDB: Mutexes and rw_locks use Windows interlocked functions
2025-02-13 15:26:15 0 [Note] InnoDB: Uses event mutexes
2025-02-13 15:26:15 0 [Note] InnoDB: Compressed tables use zlib 1.3
2025-02-13 15:26:15 0 [Note] InnoDB: Number of pools: 1
2025-02-13 15:26:15 0 [Note] InnoDB: Using SSE2 crc32 instructions
2025-02-13 15:26:15 0 [Note] InnoDB: Initializing buffer pool, total size = 16M, instances = 1, chunk size = 16M
2025-02-13 15:26:15 0 [Note] InnoDB: Completed initialization of buffer pool
2025-02-13 15:26:16 0 [Note] InnoDB: 128 out of 128 rollback segments are active.
2025-02-13 15:26:16 0 [Note] InnoDB: Creating shared tablespace for temporary tables
2025-02-13 15:26:16 0 [Note] InnoDB: Setting file 'C:\xampp\mysql\data\ibtmp1' size to 12 MB. Physically writing the file full; Please wait ...
2025-02-13 15:26:16 0 [Note] InnoDB: File 'C:\xampp\mysql\data\ibtmp1' size is now 12 MB.
2025-02-13 15:26:16 0 [Note] InnoDB: Waiting for purge to start
2025-02-13 15:26:16 0 [Note] InnoDB: 10.4.32 started; log sequence number 627105; transaction id 1208
2025-02-13 15:26:16 0 [Note] InnoDB: Loading buffer pool(s) from C:\xampp\mysql\data\ib_buffer_pool
2025-02-13 15:26:16 0 [Note] Plugin 'FEEDBACK' is disabled.
2025-02-13 15:26:16 0 [Note] InnoDB: Buffer pool(s) load completed at 250213 15:26:16
2025-02-13 15:26:16 0 [ERROR] Could not open mysql.plugin table. Some plugins may be not loaded
2025-02-13 15:26:16 0 [ERROR] Failed to initialize plugins.
2025-02-13 15:26:16 0 [ERROR] Aborting
2025-02-13 15:26:27 0 [Note] Starting MariaDB 10.4.32-MariaDB source revision c4143f909528e3fab0677a28631d10389354c491 as process 17520
Cannot find checkpoint record at LSN (1,0x5632)
2025-02-13 15:26:27 0 [ERROR] mysqld.exe: Aria recovery failed. Please run aria_chk -r on all Aria tables and delete all aria_log.######## files
2025-02-13 15:26:27 0 [ERROR] Plugin 'Aria' registration as a STORAGE ENGINE failed.
2025-02-13 15:26:27 0 [Note] InnoDB: Mutexes and rw_locks use Windows interlocked functions
2025-02-13 15:26:27 0 [Note] InnoDB: Uses event mutexes
2025-02-13 15:26:27 0 [Note] InnoDB: Compressed tables use zlib 1.3
2025-02-13 15:26:27 0 [Note] InnoDB: Number of pools: 1
2025-02-13 15:26:27 0 [Note] InnoDB: Using SSE2 crc32 instructions
2025-02-13 15:26:27 0 [Note] InnoDB: Initializing buffer pool, total size = 16M, instances = 1, chunk size = 16M
2025-02-13 15:26:27 0 [Note] InnoDB: Completed initialization of buffer pool
2025-02-13 15:26:27 0 [Note] InnoDB: 128 out of 128 rollback segments are active.
2025-02-13 15:26:27 0 [Note] InnoDB: Creating shared tablespace for temporary tables
2025-02-13 15:26:27 0 [Note] InnoDB: Setting file 'C:\xampp\mysql\data\ibtmp1' size to 12 MB. Physically writing the file full; Please wait ...
2025-02-13 15:26:27 0 [Note] InnoDB: File 'C:\xampp\mysql\data\ibtmp1' size is now 12 MB.
2025-02-13 15:26:27 0 [Note] InnoDB: Waiting for purge to start
2025-02-13 15:26:27 0 [Note] InnoDB: 10.4.32 started; log sequence number 627114; transaction id 1208
2025-02-13 15:26:27 0 [Note] InnoDB: Loading buffer pool(s) from C:\xampp\mysql\data\ib_buffer_pool
2025-02-13 15:26:27 0 [Note] Plugin 'FEEDBACK' is disabled.
2025-02-13 15:26:27 0 [Note] InnoDB: Buffer pool(s) load completed at 250213 15:26:27
2025-02-13 15:26:27 0 [ERROR] Could not open mysql.plugin table. Some plugins may be not loaded
2025-02-13 15:26:27 0 [ERROR] Failed to initialize plugins.
2025-02-13 15:26:27 0 [ERROR] Aborting
2025-02-13 15:34:22 0 [Note] Starting MariaDB 10.4.32-MariaDB source revision c4143f909528e3fab0677a28631d10389354c491 as process 4156
Cannot find checkpoint record at LSN (1,0x5632)
2025-02-13 15:34:22 0 [ERROR] mysqld.exe: Aria recovery failed. Please run aria_chk -r on all Aria tables and delete all aria_log.######## files
2025-02-13 15:34:22 0 [ERROR] Plugin 'Aria' registration as a STORAGE ENGINE failed.
2025-02-13 15:34:22 0 [Note] InnoDB: Mutexes and rw_locks use Windows interlocked functions
2025-02-13 15:34:22 0 [Note] InnoDB: Uses event mutexes
2025-02-13 15:34:22 0 [Note] InnoDB: Compressed tables use zlib 1.3
2025-02-13 15:34:22 0 [Note] InnoDB: Number of pools: 1
2025-02-13 15:34:22 0 [Note] InnoDB: Using SSE2 crc32 instructions
2025-02-13 15:34:22 0 [Note] InnoDB: Initializing buffer pool, total size = 16M, instances = 1, chunk size = 16M
2025-02-13 15:34:22 0 [Note] InnoDB: Completed initialization of buffer pool
2025-02-13 15:34:22 0 [Note] InnoDB: 128 out of 128 rollback segments are active.
2025-02-13 15:34:23 0 [Note] InnoDB: Creating shared tablespace for temporary tables
2025-02-13 15:34:23 0 [Note] InnoDB: Setting file 'C:\xampp\mysql\data\ibtmp1' size to 12 MB. Physically writing the file full; Please wait ...
2025-02-13 15:34:23 0 [Note] InnoDB: File 'C:\xampp\mysql\data\ibtmp1' size is now 12 MB.
2025-02-13 15:34:23 0 [Note] InnoDB: Waiting for purge to start
2025-02-13 15:34:23 0 [Note] InnoDB: 10.4.32 started; log sequence number 627123; transaction id 1208
2025-02-13 15:34:23 0 [Note] InnoDB: Loading buffer pool(s) from C:\xampp\mysql\data\ib_buffer_pool
2025-02-13 15:34:23 0 [Note] Plugin 'FEEDBACK' is disabled.
2025-02-13 15:34:23 0 [Note] InnoDB: Buffer pool(s) load completed at 250213 15:34:23
2025-02-13 15:34:23 0 [ERROR] Could not open mysql.plugin table. Some plugins may be not loaded
2025-02-13 15:34:23 0 [ERROR] Failed to initialize plugins.
2025-02-13 15:34:23 0 [ERROR] Aborting
2025-02-13 15:44:35 0 [Note] Starting MariaDB 10.4.32-MariaDB source revision c4143f909528e3fab0677a28631d10389354c491 as process 13240
Cannot find checkpoint record at LSN (1,0x5632)
2025-02-13 15:44:35 0 [ERROR] mysqld.exe: Aria recovery failed. Please run aria_chk -r on all Aria tables and delete all aria_log.######## files
2025-02-13 15:44:35 0 [ERROR] Plugin 'Aria' registration as a STORAGE ENGINE failed.
2025-02-13 15:44:35 0 [Note] InnoDB: Mutexes and rw_locks use Windows interlocked functions
2025-02-13 15:44:35 0 [Note] InnoDB: Uses event mutexes
2025-02-13 15:44:35 0 [Note] InnoDB: Compressed tables use zlib 1.3
2025-02-13 15:44:35 0 [Note] InnoDB: Number of pools: 1
2025-02-13 15:44:35 0 [Note] InnoDB: Using SSE2 crc32 instructions
2025-02-13 15:44:35 0 [Note] InnoDB: Initializing buffer pool, total size = 16M, instances = 1, chunk size = 16M
2025-02-13 15:44:35 0 [Note] InnoDB: Completed initialization of buffer pool
2025-02-13 15:44:35 0 [Note] InnoDB: 128 out of 128 rollback segments are active.
2025-02-13 15:44:35 0 [Note] InnoDB: Creating shared tablespace for temporary tables
2025-02-13 15:44:35 0 [Note] InnoDB: Setting file 'C:\xampp\mysql\data\ibtmp1' size to 12 MB. Physically writing the file full; Please wait ...
2025-02-13 15:44:35 0 [Note] InnoDB: File 'C:\xampp\mysql\data\ibtmp1' size is now 12 MB.
2025-02-13 15:44:35 0 [Note] InnoDB: Waiting for purge to start
2025-02-13 15:44:35 0 [Note] InnoDB: 10.4.32 started; log sequence number 627132; transaction id 1208
2025-02-13 15:44:35 0 [Note] InnoDB: Loading buffer pool(s) from C:\xampp\mysql\data\ib_buffer_pool
2025-02-13 15:44:35 0 [Note] Plugin 'FEEDBACK' is disabled.
2025-02-13 15:44:35 0 [Note] InnoDB: Buffer pool(s) load completed at 250213 15:44:35
2025-02-13 15:44:35 0 [ERROR] Could not open mysql.plugin table. Some plugins may be not loaded
2025-02-13 15:44:35 0 [ERROR] Failed to initialize plugins.
2025-02-13 15:44:35 0 [ERROR] Aborting
2025-02-13 15:44:54 0 [Note] Starting MariaDB 10.4.32-MariaDB source revision c4143f909528e3fab0677a28631d10389354c491 as process 14456
Cannot find checkpoint record at LSN (1,0x5632)
2025-02-13 15:44:54 0 [ERROR] mysqld.exe: Aria recovery failed. Please run aria_chk -r on all Aria tables and delete all aria_log.######## files
2025-02-13 15:44:54 0 [ERROR] Plugin 'Aria' registration as a STORAGE ENGINE failed.
2025-02-13 15:44:54 0 [Note] InnoDB: Mutexes and rw_locks use Windows interlocked functions
2025-02-13 15:44:54 0 [Note] InnoDB: Uses event mutexes
2025-02-13 15:44:54 0 [Note] InnoDB: Compressed tables use zlib 1.3
2025-02-13 15:44:54 0 [Note] InnoDB: Number of pools: 1
2025-02-13 15:44:54 0 [Note] InnoDB: Using SSE2 crc32 instructions
2025-02-13 15:44:54 0 [Note] InnoDB: Initializing buffer pool, total size = 16M, instances = 1, chunk size = 16M
2025-02-13 15:44:54 0 [Note] InnoDB: Completed initialization of buffer pool
2025-02-13 15:44:54 0 [Note] InnoDB: 128 out of 128 rollback segments are active.
2025-02-13 15:44:54 0 [Note] InnoDB: Creating shared tablespace for temporary tables
2025-02-13 15:44:54 0 [Note] InnoDB: Setting file 'C:\xampp\mysql\data\ibtmp1' size to 12 MB. Physically writing the file full; Please wait ...
2025-02-13 15:44:54 0 [Note] InnoDB: File 'C:\xampp\mysql\data\ibtmp1' size is now 12 MB.
2025-02-13 15:44:54 0 [Note] InnoDB: Waiting for purge to start
2025-02-13 15:44:54 0 [Note] InnoDB: 10.4.32 started; log sequence number 627141; transaction id 1208
2025-02-13 15:44:54 0 [Note] InnoDB: Loading buffer pool(s) from C:\xampp\mysql\data\ib_buffer_pool
2025-02-13 15:44:54 0 [Note] Plugin 'FEEDBACK' is disabled.
2025-02-13 15:44:54 0 [Note] InnoDB: Buffer pool(s) load completed at 250213 15:44:54
2025-02-13 15:44:54 0 [ERROR] Could not open mysql.plugin table. Some plugins may be not loaded
2025-02-13 15:44:54 0 [ERROR] Failed to initialize plugins.
2025-02-13 15:44:54 0 [ERROR] Aborting
